<?xml version="1.0" encoding="UTF-8"?>
<!-- Generated by org.testng.reporters.JUnitReportReporter -->
<testsuite hostname="MSI" failures="0" tests="6" name="com.guru99.testcases.Guru99LoginPageTest" time="80.627" errors="0" timestamp="2025-01-09T20:48:53 IST" skipped="0">
  <testcase classname="com.guru99.testcases.Guru99LoginPageTest" name="TC001_LoginPage_LoginWithValidCredentials" time="13.466"/>
  <testcase classname="com.guru99.testcases.Guru99LoginPageTest" name="TC002_LoginPage_LoginWithInValidCredentials" time="14.390"/>
  <testcase classname="com.guru99.testcases.Guru99LoginPageTest" name="TC003_LoginPage_LoginWithInValidCredentials" time="13.794"/>
  <testcase classname="com.guru99.testcases.Guru99LoginPageTest" name="TC004_LoginPage_LoginWithInValidCredentials" time="11.723"/>
  <testcase classname="com.guru99.testcases.Guru99LoginPageTest" name="TC005_LoginPage_LoginWithoutCredentials" time="16.544"/>
  <testcase classname="com.guru99.testcases.Guru99LoginPageTest" name="TC006_LoginPage_LoginWithValidCredentials" time="10.710"/>
</testsuite> <!-- com.guru99.testcases.Guru99LoginPageTest -->
