<?xml version="1.0" encoding="UTF-8"?>
<!-- Generated by org.testng.reporters.JUnitReportReporter -->
<testsuite hostname="MSI" failures="0" tests="6" name="com.guru99.testcases.Guru99LoginPageTest" time="91.415" errors="0" timestamp="2025-01-09T21:06:08 IST" skipped="0">
  <testcase classname="com.guru99.testcases.Guru99LoginPageTest" name="TC001_LoginPage_LoginWithValidCredentials" time="16.293"/>
  <testcase classname="com.guru99.testcases.Guru99LoginPageTest" name="TC002_LoginPage_LoginWithInValidCredentials" time="11.204"/>
  <testcase classname="com.guru99.testcases.Guru99LoginPageTest" name="TC003_LoginPage_LoginWithInValidCredentials" time="15.955"/>
  <testcase classname="com.guru99.testcases.Guru99LoginPageTest" name="TC004_LoginPage_LoginWithInValidCredentials" time="16.699"/>
  <testcase classname="com.guru99.testcases.Guru99LoginPageTest" name="TC005_LoginPage_LoginWithoutCredentials" time="15.122"/>
  <testcase classname="com.guru99.testcases.Guru99LoginPageTest" name="TC006_LoginPage_LoginWithValidCredentials" time="16.142"/>
</testsuite> <!-- com.guru99.testcases.Guru99LoginPageTest -->
